Candidate base: 523390ae4177daefe1b7dfa99412a7db91b56ae9
Run date: 2026-07-21

npm warn Unknown env config "http-proxy". This will stop working in the next major version of npm.

> voucher-platform-frontend@0.1.0 test
> vitest --run


 RUN  v2.1.9 /workspace/scratch/08f0074d2e22/ViVouch/frontend

 ✓ src/utils/idempotencyKey.test.js (7 tests) 7ms
 ✓ src/features/vouchers/utils/buildVoucherQueryParams.test.js (2 tests) 3ms
 ✓ src/utils/branchSelection.test.js (7 tests) 8ms
 ✓ src/features/orders/api/orders.api.test.js (3 tests) 4ms
 ✓ src/features/orders/hooks/useCheckout.test.js (1 test) 4ms

 Test Files  5 passed (5)
      Tests  20 passed (20)
   Start at  17:39:53
   Duration  323ms (transform 124ms, setup 0ms, collect 322ms, tests 26ms, environment 1ms, prepare 242ms)

npm notice
npm notice New minor version of npm available! 11.9.0 -> 11.18.0
npm notice Changelog: https://github.com/npm/cli/releases/tag/v11.18.0
npm notice To update run: npm install -g npm@11.18.0
npm notice
npm warn Unknown env config "http-proxy". This will stop working in the next major version of npm.

> voucher-platform-frontend@0.1.0 build
> vite build

vite v5.4.21 building for production...
transforming...
/*! 🌼 daisyUI 5.5.23 */
✓ 2782 modules transformed.
rendering chunks...
computing gzip size...
dist/index.html                                   0.60 kB │ gzip:   0.44 kB
dist/assets/index-vebaD-n5.css                  167.13 kB │ gzip:  27.44 kB
dist/assets/formatDate-DrDTg55I.js                0.13 kB │ gzip:   0.14 kB │ map:     0.35 kB
dist/assets/formatCurrency-9BCDsx6w.js            0.14 kB │ gzip:   0.15 kB │ map:     0.66 kB
dist/assets/NotFoundPage-DKZOt8ib.js              0.18 kB │ gzip:   0.16 kB │ map:     0.30 kB
dist/assets/chevron-down-sQFhN91f.js              0.35 kB │ gzip:   0.28 kB │ map:     0.85 kB
dist/assets/arrow-right-DeOBVYDa.js               0.39 kB │ gzip:   0.30 kB │ map:     0.95 kB
dist/assets/info-De9AgVPw.js                      0.42 kB │ gzip:   0.31 kB │ map:     1.03 kB
dist/assets/vouchers.api-CVBNNADS.js              0.50 kB │ gzip:   0.27 kB │ map:     1.95 kB
dist/assets/send-DBo7yIJd.js                      0.50 kB │ gzip:   0.37 kB │ map:     1.07 kB
dist/assets/shopping-cart-CfQeVjVk.js             0.52 kB │ gzip:   0.37 kB │ map:     1.23 kB
dist/assets/ErrorRetryPanel-Ch7OkXdG.js           0.53 kB │ gzip:   0.36 kB │ map:     1.03 kB
dist/assets/ApiSuccessToast-CqgYFn9j.js           0.53 kB │ gzip:   0.37 kB │ map:     1.66 kB
dist/assets/orders.api-Bz8XQnD8.js                0.54 kB │ gzip:   0.34 kB │ map:     1.85 kB
dist/assets/useOrders-SH1Z2Y5Z.js                 0.62 kB │ gzip:   0.35 kB │ map:     1.93 kB
dist/assets/ApiErrorToast-DukLhuOA.js             0.65 kB │ gzip:   0.44 kB │ map:     1.80 kB
dist/assets/usePartners-BsyN6W11.js               0.81 kB │ gzip:   0.36 kB │ map:     2.71 kB
dist/assets/vouchers.api-AdigFtTK.js              0.89 kB │ gzip:   0.45 kB │ map:     3.18 kB
dist/assets/usePartnerBranches-DXR0-vki.js        0.89 kB │ gzip:   0.40 kB │ map:     3.54 kB
dist/assets/phone-DwzbxKlV.js                     0.92 kB │ gzip:   0.49 kB │ map:     1.97 kB
dist/assets/KpiCard-CwmrpLoC.js                   1.34 kB │ gzip:   0.69 kB │ map:     3.33 kB
dist/assets/adminApi-BQjaJzmW.js                  1.57 kB │ gzip:   0.54 kB │ map:     5.67 kB
dist/assets/CustomerEmptyState-CZzrooE0.js        1.74 kB │ gzip:   0.95 kB │ map:     3.86 kB
dist/assets/ConfirmModal-zddCm3X8.js              1.89 kB │ gzip:   0.91 kB │ map:     4.76 kB
dist/assets/ForgotPasswordPage-DcYr7eP0.js        2.58 kB │ gzip:   1.14 kB │ map:     6.14 kB
dist/assets/QtySelector-WquVUH-6.js               2.65 kB │ gzip:   1.19 kB │ map:     8.83 kB
dist/assets/mapVoucherForCard-D0ws6d7l.js         3.03 kB │ gzip:   1.28 kB │ map:     9.55 kB
dist/assets/AdminStatusBadge-BC8ZQTpr.js          3.46 kB │ gzip:   1.53 kB │ map:    10.27 kB
dist/assets/HomePage-V1d-jx2b.js                  4.61 kB │ gzip:   2.16 kB │ map:    11.67 kB
dist/assets/BranchesPage-FP1lHrby.js              5.62 kB │ gzip:   2.09 kB │ map:    14.85 kB
dist/assets/VoucherCard-QmvQoP80.js               5.83 kB │ gzip:   2.37 kB │ map:    15.35 kB
dist/assets/OrderSuccessPage-INzC3H8h.js          6.07 kB │ gzip:   2.33 kB │ map:    12.55 kB
dist/assets/CmsPagesPage-Bcupq7QE.js              6.57 kB │ gzip:   2.51 kB │ map:    16.53 kB
dist/assets/AuditLogsPage-zvPWQWR8.js             6.87 kB │ gzip:   2.51 kB │ map:    14.42 kB
dist/assets/VoucherApprovalsPage-B6STs1Rl.js      7.04 kB │ gzip:   2.54 kB │ map:    17.04 kB
dist/assets/LoginPage-4Tifj7xC.js                 7.21 kB │ gzip:   2.35 kB │ map:    16.05 kB
dist/assets/UsersPage-D0NKyyC6.js                 7.42 kB │ gzip:   2.78 kB │ map:    18.26 kB
dist/assets/PartnersPage-82A4v6S5.js              8.00 kB │ gzip:   2.69 kB │ map:    19.28 kB
dist/assets/ProfilePage-Cn3eERQM.js               8.29 kB │ gzip:   2.58 kB │ map:    22.45 kB
dist/assets/OrdersPage-DY7_3ZBT.js                8.88 kB │ gzip:   3.14 kB │ map:    21.55 kB
dist/assets/CartPage-Dx--6jtx.js                  8.90 kB │ gzip:   3.31 kB │ map:    21.96 kB
dist/assets/RedeemVoucherPage-CZbwylJG.js         9.59 kB │ gzip:   3.09 kB │ map:    26.04 kB
dist/assets/OrdersPage-8Aotk9V5.js               10.13 kB │ gzip:   3.23 kB │ map:    22.09 kB
dist/assets/PartnerVoucherListPage-zyf7Zoo7.js   10.95 kB │ gzip:   3.16 kB │ map:    25.48 kB
dist/assets/PartnerReportsPage-CjShl33E.js       11.45 kB │ gzip:   3.60 kB │ map:    28.21 kB
dist/assets/CheckoutPage-NGXnbpMo.js             11.79 kB │ gzip:   3.66 kB │ map:    28.48 kB
dist/assets/RegisterPage-z75YVGbE.js             11.89 kB │ gzip:   2.78 kB │ map:    24.69 kB
dist/assets/PartnerDashboardPage-C6IDerRA.js     12.74 kB │ gzip:   4.37 kB │ map:    30.77 kB
dist/assets/PartnerProfilePage-B7u3kqS3.js       13.51 kB │ gzip:   3.88 kB │ map:    33.00 kB
dist/assets/MyVouchersPage-BvEoYnUL.js           13.59 kB │ gzip:   4.25 kB │ map:    30.84 kB
dist/assets/CreateVoucherPage-CDHW77NZ.js        13.84 kB │ gzip:   3.97 kB │ map:    37.90 kB
dist/assets/LineChart--wf59JpR.js                15.31 kB │ gzip:   5.14 kB │ map:    68.71 kB
dist/assets/VoucherListPage-BBHAeBPc.js          15.85 kB │ gzip:   5.01 kB │ map:    44.83 kB
dist/assets/index-N-Vuel2n.js                    16.72 kB │ gzip:   6.31 kB │ map:    72.72 kB
dist/assets/VoucherDetailPage-A0nh7ibg.js        27.19 kB │ gzip:   8.05 kB │ map:    68.23 kB
dist/assets/AdminDashboardPage-ioninZWJ.js       29.23 kB │ gzip:   9.73 kB │ map:   117.72 kB
dist/assets/zod-DC3Snf8d.js                      30.23 kB │ gzip:  11.16 kB │ map:   186.01 kB
dist/assets/schemas-CWwhW2kV.js                  69.13 kB │ gzip:  18.59 kB │ map:   393.32 kB
dist/assets/index-CsiKRcOe.js                   298.68 kB │ gzip:  97.31 kB │ map: 1,212.10 kB
dist/assets/CartesianChart-BrMsKMN0.js          338.81 kB │ gzip: 102.67 kB │ map: 1,816.10 kB
✓ built in 4.97s
npm notice
npm notice New minor version of npm available! 11.9.0 -> 11.18.0
npm notice Changelog: https://github.com/npm/cli/releases/tag/v11.18.0
npm notice To update run: npm install -g npm@11.18.0
npm notice
npm warn Unknown env config "http-proxy". This will stop working in the next major version of npm.
found 0 vulnerabilities
npm notice
npm notice New minor version of npm available! 11.9.0 -> 11.18.0
npm notice Changelog: https://github.com/npm/cli/releases/tag/v11.18.0
npm notice To update run: npm install -g npm@11.18.0
npm notice
